Parsing types from 'configs/../typemap/osmNetconvert.typ.xml' ... done.
Parsing types from 'configs/../typemap/osmNetconvertUrbanDe.typ.xml' ... done.
Parsing nodes from osm-file 'configs/../maps/map.osm' ... 
Found and substituted 11 osm nodes.
done.
Parsing edges from osm-file 'configs/../maps/map.osm' ... 
Warning: The referenced geometry information (ref='265997788') is not known
Warning: The referenced geometry information (ref='5879852172') is not known
Warning: The referenced geometry information (ref='265997818') is not known
Warning: The referenced geometry information (ref='8152153328') is not known
Warning: The referenced geometry information (ref='8152153326') is not known
done.
Removing duplicate edges ... done.
Warning: Discarding unusable type 'highway.footway' (first occurence for edge '24348430').
Warning: Discarding way '24512597' because it has only 1 node(s)
Warning: Discarding way '27896491' because it has only 1 node(s)
Warning: Discarding unusable type 'highway.cycleway' (first occurence for edge '36038188').
Warning: Discarding unusable type 'highway.path' (first occurence for edge '38584330').
Warning: Discarding way '38584346' because it has only 1 node(s)
Warning: Discarding unusable type 'highway.steps' (first occurence for edge '38746119').
Warning: Discarding way '42328443' because it has only 1 node(s)
Warning: Discarding way '67873217' because it has only 1 node(s)
Warning: Discarding unknown compound 'cycleway.crossing' in type 'cycleway.crossing|highway.cycleway' (first occurence for edge '91609993').
Warning: Discarding unknown compound 'highway.cycleway' in type 'cycleway.crossing|highway.cycleway' (first occurence for edge '91609993').
Warning: Discarding unusable type 'cycleway.crossing|highway.cycleway' (first occurence for edge '91609993').
Parsing relations from osm-file 'configs/../maps/map.osm' ... done.
 Import done:
   893 nodes loaded.
   29 types loaded.
   805 edges loaded.
Proj projection parameters used: '+proj=utm +zone=31 +ellps=WGS84 +datum=WGS84 +units=m +no_defs'.
Removing self-loops ... done (0ms).
Joining junction clusters ... 
Warning: Not joining junctions 7231194188,826970805 (5 incoming edges).
Warning: Not joining junctions 6348620611,6348620612 (parallel incoming -42118295#7,-678036801#6).
Warning: Not joining junctions 1064378551,267591877,393858766,523556706,7231893234 (5 incoming edges).
Warning: Not joining junctions 6307250368,6315340395 (5 incoming edges).
Warning: Not joining junctions 1137203061,459432412 (parallel incoming -38746138,-875876826).
Warning: Reducing junction cluster 1210802373,1210802623,1210802731,459432468,459432496 (7 incoming edges).
Warning: Reducing junction cluster 431346083,459432461,459432462,6718390354,6718390356 (6 incoming edges).
Warning: Reducing junction cluster 267591883,523556730,7747143451,7747143463 (6 incoming edges).
Warning: Reducing junction cluster 431346085,6301518839,6301518845 (5 incoming edges).
Warning: Reducing junction cluster 7208934265,7208934274,7208934276,7208934278 (5 incoming edges).
done (8ms).
 Joined 13 junction cluster(s).
Removing empty nodes and geometry nodes ... done (4ms).
   618 nodes removed.
Moving network to origin ... done (8ms).
Computing turning directions ... 
Warning: Ambiguity in turnarounds computation at junction 'cluster_1210802731_459432468'.
done (2ms).
Assigning nodes to traffic lights ... done (0ms).
Guessing and setting on-/off-ramps ... done (2ms).
Warning: Found sharp turn with radius 7.14 at the start of edge '-37089985#0'.
Warning: Found sharp turn with radius 3.87 at the end of edge '-37089985#2'.
Warning: Found sharp turn with radius 7.14 at the end of edge '-38746140#1'.
Warning: Found sharp turn with radius 7.39 at the end of edge '-42118313#1'.
Warning: Found sharp turn with radius 6.85 at the start of edge '-675089559'.
Warning: Found sharp turn with radius 2.10 at the end of edge '-678036801#1'.
Warning: Found sharp turn with radius 3.51 at the start of edge '-685899531'.
Warning: Found sharp turn with radius 2.00 at the start of edge '-685899538'.
Warning: Found sharp turn with radius 2.93 at the start of edge '-88626531#10'.
Warning: Found sharp turn with radius 4.25 at the end of edge '-88626531#11'.
Warning: Found angle of 148.71 degrees at edge '61653607', segment 3.
Sorting nodes' edges ... done (1ms).
Computing node shapes ... done (12ms).
Computing edge shapes ... done (5ms).
Computing node types ... done (0ms).
Guessed 0 pedestrian crossings.
Computing priorities ... done (1ms).
Computing approached edges ... done (1ms).
Guessing and setting roundabouts ... 
 Guessed 2 roundabout(s).
done (0ms).
Computing approaching lanes ... done (4ms).
Dividing of lanes on approached lanes ... done (2ms).
Processing turnarounds ... done (0ms).
Rechecking of lane endings ... done (1ms).
Joining traffic light nodes ... done (0ms).
Computing traffic light control information ... done (0ms).
Computing node logics ... done (3ms).
Computing traffic light logics ... done (0ms).
 1 traffic light(s) computed.
Building inner edges ... 
Warning: Speed of straight connection '-107257479_0->-341564312#4_0' reduced by 8.20 due to turning radius of 32.35 (length=12.88, angle=38.40).
Warning: Speed of straight connection '-42118295#5_0->-42118295#3_0' reduced by 5.81 due to turning radius of 65.31 (length=15.54, angle=28.81).
Warning: Speed of straight connection '42118295#3_0->42118295#4_0' reduced by 5.69 due to turning radius of 67.26 (length=16.01, angle=28.81).
Warning: Speed of straight connection '42118295#14_0->-835044900#1_0' reduced by 9.79 due to turning radius of 16.78 (length=13.60, angle=63.75).
Warning: Speed of straight connection '835044900#0_0->-42118295#15_0' reduced by 10.03 due to turning radius of 14.90 (length=12.00, angle=63.75).
Warning: Intersecting left turns at junction 'cluster_447850162_447850163' from lane '875876832_0' and lane '-38076981#2_0' (increase junction radius to avoid this).
Warning: Intersecting left turns at junction 'cluster_459432461_6718390356' from lane '-714748691_0' and lane '-24467896#4_0' (increase junction radius to avoid this).
Warning: Intersecting left turns at junction 'cluster_523556698_7221388437' from lane '88626530#1_0' and lane '-38746137#0_0' (increase junction radius to avoid this).
done (9ms).
-----------------------------------------------------
Summary:
 Node type statistics:
  Unregulated junctions       : 0
  Dead-end junctions          : 1
  Priority junctions          : 205
  Right-before-left junctions : 49
  Traffic light junctions      : 1
 Network boundaries:
  Original boundary  : 5.68,58.93,5.71,58.94
  Applied offset     : -654493.24,-6535794.19
  Converted boundary : 0.00,0.00,1205.22,689.75
-----------------------------------------------------
Writing network ... done (95ms).
Warning: 6 total messages of type: Discarding unusable type '%' (first occurence for edge '%').
Warning: 21 total messages of type: Discarding way '%' because it has only % node(s)
Warning: 8 total messages of type: Found sharp turn with radius % at the end of edge '%'.
Warning: 10 total messages of type: Found sharp turn with radius % at the start of edge '%'.
Warning: 8 total messages of type: Not joining junctions % (%).
Warning: 17 total messages of type: Speed of % connection '%' reduced by % due to turning radius of % (length=%, angle=%).
Warning: 2152 total messages of type: The referenced geometry information (ref='%') is not known
